<?xml version="1.0" encoding="UTF-8"?>
<!-- Generated by org.testng.reporters.JUnitXMLReporter -->
<testsuite ignored="3" hostname="HP" failures="0" tests="2" name="Default test" time="39.113" errors="0" timestamp="2022-03-02T19:55:19 IST">
  <testcase classname="com.flipkart.tasks.test.SmokeTest" name="login" time="3.841"/>
  <testcase classname="com.flipkart.tasks.test.SmokeTest" name="addCart" time="18.973"/>
  <testcase classname="com.flipkart.tasks.test.SmokeTest" name="linkValidation" time="0.0">
    <ignored/>
  </testcase> <!-- linkValidation -->
  <testcase classname="com.flipkart.tasks.test.SmokeTest" name="cart" time="0.0">
    <ignored/>
  </testcase> <!-- cart -->
  <testcase classname="com.flipkart.tasks.test.SmokeTest" name="cartTest" time="0.0">
    <ignored/>
  </testcase> <!-- cartTest -->
</testsuite> <!-- Default test -->
