<?xml version="1.0" encoding="UTF-8"?>
<testng-results ignored="0" total="2" passed="2" failed="0" skipped="0">
  <reporter-output>
  </reporter-output>
  <suite started-at="2022-02-04T21:29:42 IST" name="Default suite" finished-at="2022-02-04T21:30:17 IST" duration-ms="35095">
    <groups>
    </groups>
    <test started-at="2022-02-04T21:29:42 IST" name="Default test" finished-at="2022-02-04T21:30:17 IST" duration-ms="35095">
      <class name="POM_task.Test.SmokeTest">
        <test-method is-config="true" signature="createDriver()[pri:0, instance:POM_task.Test.SmokeTest@593aaf41]" started-at="2022-02-04T21:29:42 IST" name="createDriver" finished-at="2022-02-04T21:29:58 IST" duration-ms="15998" status="PASS">
          <reporter-output>
          </reporter-output>
        </test-method> <!-- createDriver -->
        <test-method is-config="true" signature="setup()[pri:0, instance:POM_task.Test.SmokeTest@593aaf41]" started-at="2022-02-04T21:29:58 IST" name="setup" finished-at="2022-02-04T21:29:58 IST" duration-ms="1" status="PASS">
          <reporter-output>
          </reporter-output>
        </test-method> <!-- setup -->
        <test-method signature="login()[pri:0, instance:POM_task.Test.SmokeTest@593aaf41]" started-at="2022-02-04T21:29:58 IST" name="login" finished-at="2022-02-04T21:30:01 IST" duration-ms="2127" status="PASS">
          <reporter-output>
          </reporter-output>
        </test-method> <!-- login -->
        <test-method signature="linlValidation()[pri:0, instance:POM_task.Test.SmokeTest@593aaf41]" started-at="2022-02-04T21:30:01 IST" name="linlValidation" finished-at="2022-02-04T21:30:17 IST" depends-on-methods="POM_task.Test.SmokeTest.login" duration-ms="16812" status="PASS">
          <reporter-output>
          </reporter-output>
        </test-method> <!-- linlValidation -->
        <test-method is-config="true" signature="closeDriver()[pri:0, instance:POM_task.Test.SmokeTest@593aaf41]" started-at="2022-02-04T21:30:18 IST" name="closeDriver" finished-at="2022-02-04T21:30:49 IST" duration-ms="30971" status="PASS">
          <reporter-output>
          </reporter-output>
        </test-method> <!-- closeDriver -->
      </class> <!-- POM_task.Test.SmokeTest -->
    </test> <!-- Default test -->
  </suite> <!-- Default suite -->
</testng-results>
