<?xml version="1.0" encoding="UTF-8"?>
<testng-results ignored="0" total="1" passed="1" failed="0" skipped="0">
  <reporter-output>
  </reporter-output>
  <suite started-at="2022-02-01T20:15:45 IST" name="Default suite" finished-at="2022-02-01T20:17:51 IST" duration-ms="126405">
    <groups>
    </groups>
    <test started-at="2022-02-01T20:15:45 IST" name="Default test" finished-at="2022-02-01T20:17:51 IST" duration-ms="126405">
      <class name="POM_task.Test.SmokeTest">
        <test-method is-config="true" signature="createDriver()[pri:0, instance:POM_task.Test.SmokeTest@43dac38f]" started-at="2022-02-01T20:15:45 IST" name="createDriver" finished-at="2022-02-01T20:16:47 IST" duration-ms="61983" status="PASS">
          <reporter-output>
          </reporter-output>
        </test-method> <!-- createDriver -->
        <test-method is-config="true" signature="setup()[pri:0, instance:POM_task.Test.SmokeTest@43dac38f]" started-at="2022-02-01T20:16:47 IST" name="setup" finished-at="2022-02-01T20:16:50 IST" duration-ms="3118" status="PASS">
          <reporter-output>
          </reporter-output>
        </test-method> <!-- setup -->
        <test-method signature="verifyHomepage()[pri:0, instance:POM_task.Test.SmokeTest@43dac38f]" started-at="2022-02-01T20:16:50 IST" name="verifyHomepage" finished-at="2022-02-01T20:17:51 IST" duration-ms="61216" status="PASS">
          <reporter-output>
          </reporter-output>
        </test-method> <!-- verifyHomepage -->
      </class> <!-- POM_task.Test.SmokeTest -->
    </test> <!-- Default test -->
  </suite> <!-- Default suite -->
</testng-results>
