<?xml version="1.0" encoding="UTF-8"?>
<!-- Generated by org.testng.reporters.JUnitXMLReporter -->
<testsuite ignored="0" hostname="HP" failures="0" tests="3" name="TestSmoke" time="65.94" errors="0" timestamp="2022-03-31T12:05:41 IST">
  <testcase classname="com.flipkart.tasks.test.WishListTest" name="login" time="6.53"/>
  <testcase classname="com.flipkart.tasks.test.WishListTest" name="addingToWishList" time="26.796"/>
  <testcase classname="com.flipkart.tasks.test.WishListTest" name="removingFromWishList" time="2.858"/>
</testsuite> <!-- TestSmoke -->
