<?xml version="1.0" encoding="UTF-8"?>
<!-- Generated by org.testng.reporters.JUnitXMLReporter -->
<testsuite ignored="0" hostname="HP" failures="0" tests="3" name="Test" time="169.214" errors="0" timestamp="2022-02-21T16:09:33 IST">
  <testcase classname="com.flipkart.tasks.test.SmokeTest" name="login" time="7.975"/>
  <testcase classname="com.flipkart.tasks.test.SmokeTest" name="addToCart" time="28.731"/>
  <testcase classname="com.flipkart.tasks.test.Test2" name="linkValidation" time="115.009"/>
</testsuite> <!-- Test -->
