<?xml version="1.0" encoding="UTF-8"?>
<!-- Generated by org.testng.reporters.JUnitXMLReporter -->
<testsuite ignored="0" hostname="HP" failures="0" tests="4" name="Default test" time="59.387" errors="0" timestamp="2022-01-12T19:23:19 IST">
  <testcase classname="Task_1" name="login" time="5.28"/>
  <testcase classname="Task_1" name="selectProduct" time="13.03"/>
  <testcase classname="Task_1" name="addingToCart" time="17.531"/>
  <testcase classname="Task_1" name="cart" time="1.847"/>
</testsuite> <!-- Default test -->
