<?xml version="1.0" encoding="UTF-8"?>
<testng-results ignored="3" total="5" passed="2" failed="0" skipped="0">
  <reporter-output>
  </reporter-output>
  <suite started-at="2022-03-02T19:54:40 IST" name="Default suite" finished-at="2022-03-02T19:55:19 IST" duration-ms="39113">
    <groups>
    </groups>
    <test started-at="2022-03-02T19:54:40 IST" name="Default test" finished-at="2022-03-02T19:55:19 IST" duration-ms="39113">
      <class name="com.flipkart.tasks.test.SmokeTest">
        <test-method is-config="true" signature="createDriver()[pri:0, instance:com.flipkart.tasks.test.SmokeTest@277f7dd3]" started-at="2022-03-02T19:54:40 IST" name="createDriver" finished-at="2022-03-02T19:54:54 IST" duration-ms="14047" status="PASS">
          <reporter-output>
          </reporter-output>
        </test-method> <!-- createDriver -->
        <test-method is-config="true" signature="setup()[pri:0, instance:com.flipkart.tasks.test.SmokeTest@277f7dd3]" started-at="2022-03-02T19:54:54 IST" name="setup" finished-at="2022-03-02T19:54:55 IST" duration-ms="98" status="PASS">
          <reporter-output>
          </reporter-output>
        </test-method> <!-- setup -->
        <test-method signature="login()[pri:0, instance:com.flipkart.tasks.test.SmokeTest@277f7dd3]" started-at="2022-03-02T19:54:55 IST" name="login" finished-at="2022-03-02T19:54:58 IST" duration-ms="3841" status="PASS">
          <reporter-output>
          </reporter-output>
        </test-method> <!-- login -->
        <test-method signature="addCart(java.lang.String,java.lang.String,java.lang.String,java.lang.String)[pri:0, instance:com.flipkart.tasks.test.SmokeTest@277f7dd3]" started-at="2022-03-02T19:55:00 IST" name="addCart" data-provider="searchData" finished-at="2022-03-02T19:55:19 IST" depends-on-methods="com.flipkart.tasks.test.SmokeTest.login" duration-ms="18973" status="PASS">
          <params>
            <param index="0">
              <value>
                <![CDATA[mobiles]]>
              </value>
            </param>
            <param index="1">
              <value>
                <![CDATA[POCO]]>
              </value>
            </param>
            <param index="2">
              <value>
                <![CDATA[4 GB RAM]]>
              </value>
            </param>
            <param index="3">
              <value>
                <![CDATA[64 GB ]]>
              </value>
            </param>
          </params>
          <reporter-output>
          </reporter-output>
        </test-method> <!-- addCart -->
        <test-method is-config="true" signature="closeDriver()[pri:0, instance:com.flipkart.tasks.test.SmokeTest@277f7dd3]" started-at="2022-03-02T19:55:20 IST" name="closeDriver" finished-at="2022-03-02T19:56:10 IST" duration-ms="50910" status="PASS">
          <reporter-output>
          </reporter-output>
        </test-method> <!-- closeDriver -->
      </class> <!-- com.flipkart.tasks.test.SmokeTest -->
    </test> <!-- Default test -->
  </suite> <!-- Default suite -->
</testng-results>
